[2025-07-24 22:40:25] [INFO] 读取属性失败 group=BatchParametricExport key=configs value=None
[2025-07-24 22:40:25] [INFO] 加载配置JSON：
null
[2025-07-24 22:40:25] [WARN] 项目中没有找到已保存的配置
[2025-07-24 22:43:14] [INFO] 读取属性 group=BatchParametricExport key=test value="PI7b8dAk"
[2025-07-24 22:43:14] [INFO] 插件启动时读取 test 属性: PI7b8dAk
[2025-07-24 22:43:14] [INFO] 写入属性 group=BatchParametricExport key=test value="Zae4Me0h"
[2025-07-24 22:43:14] [INFO] 插件启动时写入 test 属性: Zae4Me0h
[2025-07-24 22:43:22] [INFO] 读取属性 group=BatchParametricExport key=test value="Zae4Me0h"
[2025-07-24 22:43:22] [INFO] 插件启动时读取 test 属性: Zae4Me0h
[2025-07-24 22:43:22] [INFO] 写入属性 group=BatchParametricExport key=test value="gMCJuWJw"
[2025-07-24 22:43:22] [INFO] 插件启动时写入 test 属性: gMCJuWJw
[2025-07-24 22:43:31] [INFO] 写入属性 group=BatchParametricExport key=configs value=[
  {
    "format": "step",
    "name": "a",
    "parameters": {
      "panelThickness": "17 mm",
      "drillSize": "15 mm",
      "rodLength1": "32.00 mm"
    }
  }
]
[2025-07-24 22:43:36] [INFO] 读取属性失败 group=BatchParametricExport key=configs value=None
[2025-07-24 22:43:36] [INFO] 加载配置JSON：
null
[2025-07-24 22:43:36] [WARN] 项目中没有找到已保存的配置
[2025-07-24 22:43:51] [INFO] 读取属性 group=BatchParametricExport key=test value="gMCJuWJw"
[2025-07-24 22:43:51] [INFO] 插件启动时读取 test 属性: gMCJuWJw
[2025-07-24 22:43:51] [INFO] 写入属性 group=BatchParametricExport key=test value="t8GStqjg"
[2025-07-24 22:43:51] [INFO] 插件启动时写入 test 属性: t8GStqjgSS
[2025-07-24 22:44:14] [INFO] 读取属性 group=BatchParametricExport key=test value="t8GStqjg"
[2025-07-24 22:44:14] [INFO] 插件启动时读取 test 属性: t8GStqjg
[2025-07-24 22:44:14] [INFO] 写入属性 group=BatchParametricExport key=test value="t5IBjAcJ"
[2025-07-24 22:44:14] [INFO] 插件启动时写入 test 属性: t5IBjAcJ
[2025-07-24 22:44:51] [INFO] 读取属性 group=BatchParametricExport key=test value="t5IBjAcJ"
[2025-07-24 22:44:51] [INFO] 插件启动时读取 test 属性: t5IBjAcJ
[2025-07-24 22:44:51] [INFO] 写入属性 group=BatchParametricExport key=test value="qAWcmpS2"
[2025-07-24 22:44:51] [INFO] 插件启动时写入 test 属性: qAWcmpS2
[2025-07-24 22:44:55] [INFO] 读取属性 group=BatchParametricExport key=test value="qAWcmpS2"
[2025-07-24 22:44:55] [INFO] 插件启动时读取 test 属性: qAWcmpS2
[2025-07-24 22:44:55] [INFO] 写入属性 group=BatchParametricExport key=test value="eJnpFW6i"
[2025-07-24 22:44:55] [INFO] 插件启动时写入 test 属性: eJnpFW6i
[2025-07-24 22:45:03] [INFO] 写入属性 group=BatchParametricExport key=configs value="aaa"
[2025-07-24 22:45:05] [INFO] 读取属性失败 group=BatchParametricExport key=configs value=None
[2025-07-24 22:45:05] [INFO] 加载配置JSON：
null
[2025-07-24 22:45:05] [WARN] 项目中没有找到已保存的配置
[2025-07-24 22:46:19] [INFO] 写入属性 group=BatchParametricExport key=configs value="aaa"
[2025-07-24 22:46:20] [INFO] 写入属性 group=BatchParametricExport key=configs value="aaa"
[2025-07-24 22:46:20] [INFO] 写入属性 group=BatchParametricExport key=configs value="aaa"
[2025-07-24 22:46:21] [INFO] 写入属性 group=BatchParametricExport key=configs value="aaa"
[2025-07-24 22:46:21] [INFO] 写入属性 group=BatchParametricExport key=configs value="aaa"
[2025-07-24 22:46:21] [INFO] 写入属性 group=BatchParametricExport key=configs value="aaa"
[2025-07-24 22:46:21] [INFO] 写入属性 group=BatchParametricExport key=configs value="aaa"
[2025-07-24 22:46:21] [INFO] 写入属性 group=BatchParametricExport key=configs value="aaa"
[2025-07-24 22:46:22] [INFO] 写入属性 group=BatchParametricExport key=configs value="aaa"
[2025-07-24 22:46:22] [INFO] 写入属性 group=BatchParametricExport key=configs value="aaa"
[2025-07-24 22:46:22] [INFO] 写入属性 group=BatchParametricExport key=configs value="aaa"
[2025-07-24 22:46:22] [INFO] 写入属性 group=BatchParametricExport key=configs value="aaa"
[2025-07-24 22:46:26] [INFO] 读取属性失败 group=BatchParametricExport key=configs value=None
[2025-07-24 22:46:26] [INFO] 加载配置JSON：
null
[2025-07-24 22:46:26] [WARN] 项目中没有找到已保存的配置
[2025-07-24 22:46:34] [INFO] 写入属性 group=BatchParametricExport key=configs value="aaa"
[2025-07-24 22:46:34] [INFO] 写入属性 group=BatchParametricExport key=configs value="aaa"
[2025-07-24 22:46:35] [INFO] 写入属性 group=BatchParametricExport key=configs value="aaa"
[2025-07-24 22:46:35] [INFO] 写入属性 group=BatchParametricExport key=configs value="aaa"
[2025-07-24 22:46:35] [INFO] 写入属性 group=BatchParametricExport key=configs value="aaa"
[2025-07-24 22:46:36] [INFO] 写入属性 group=BatchParametricExport key=configs value="aaa"
[2025-07-24 22:46:36] [INFO] 写入属性 group=BatchParametricExport key=configs value="aaa"
[2025-07-24 22:46:36] [INFO] 写入属性 group=BatchParametricExport key=configs value="aaa"
[2025-07-24 22:46:37] [INFO] 写入属性 group=BatchParametricExport key=configs value="aaa"
[2025-07-24 22:46:38] [INFO] 写入属性 group=BatchParametricExport key=configs value="aaa"
[2025-07-24 22:46:38] [INFO] 写入属性 group=BatchParametricExport key=configs value="aaa"
[2025-07-24 22:46:39] [INFO] 写入属性 group=BatchParametricExport key=configs value="aaa"
[2025-07-24 22:46:39] [INFO] 写入属性 group=BatchParametricExport key=configs value="aaa"
[2025-07-24 22:46:42] [INFO] 读取属性失败 group=BatchParametricExport key=configs value=None
[2025-07-24 22:46:42] [INFO] 加载配置JSON：
null
[2025-07-24 22:46:42] [WARN] 项目中没有找到已保存的配置
[2025-07-24 22:49:52] [INFO] 读取属性 group=BatchParametricExport key=test value="eJnpFW6i"
[2025-07-24 22:49:52] [INFO] 插件启动时读取 test 属性: eJnpFW6i
[2025-07-24 22:49:52] [INFO] 写入属性 group=BatchParametricExport key=test value="9NvCcFod"
[2025-07-24 22:49:52] [INFO] 插件启动时写入 test 属性: 9NvCcFod
[2025-07-24 22:49:53] [INFO] 读取属性 group=BatchParametricExport key=test value="9NvCcFod"
[2025-07-24 22:49:53] [INFO] 插件启动时读取 test 属性: 9NvCcFod
[2025-07-24 22:49:53] [INFO] 写入属性 group=BatchParametricExport key=test value="Lli3t7vW"
[2025-07-24 22:49:53] [INFO] 插件启动时写入 test 属性: Lli3t7vW
[2025-07-24 22:50:09] [INFO] 读取属性 group=BatchParametricExport key=test value="Lli3t7vW"
[2025-07-24 22:50:09] [INFO] 插件启动时读取 test 属性: Lli3t7vW
[2025-07-24 22:50:09] [INFO] 写入属性 group=BatchParametricExport key=test value="oHRXcAVU"
[2025-07-24 22:50:09] [INFO] 插件启动时写入 test 属性: oHRXcAVU
[2025-07-24 22:50:17] [INFO] 写入属性 group=BatchParametricExport key=configs value="ByQkJ4az"
[2025-07-24 22:50:21] [INFO] 读取属性失败 group=BatchParametricExport key=configs value=None
[2025-07-24 22:50:21] [INFO] 加载配置JSON：
null
[2025-07-24 22:50:21] [WARN] 项目中没有找到已保存的配置
[2025-07-24 22:50:44] [INFO] 读取属性 group=BatchParametricExport key=test value="oHRXcAVU"

[2025-07-24 22:50:44] [INFO] 写入属性 group=BatchParametricExport key=test value="fqU1RipH"
[2025-07-24 22:50:44] [INFO] 插件启动时写入 test 属性: fqU1RipH
[2025-07-24 22:51:02] [INFO] 读取属性 group=BatchParametricExport key=test value="fqU1RipH"
[2025-07-24 22:51:02] [INFO] 插件启动时读取 test 属性: fqU1RipH
[2025-07-24 22:51:02] [INFO] 写入属性 group=BatchParametricExport key=test value="5ab7THh8"
[2025-07-24 22:51:02] [INFO] 插件启动时写入 test 属性: 5ab7THh8
[2025-07-24 22:51:08] [INFO] 写入属性 group=BatchParametricExport key=configs value="yg5fCFwJ"
[2025-07-24 22:51:09] [INFO] 读取属性失败 group=BatchParametricExport key=configs value=None
[2025-07-24 22:51:09] [INFO] 加载配置JSON：
null
[2025-07-24 22:51:09] [WARN] 项目中没有找到已保存的配置
[2025-07-24 22:51:17] [INFO] 读取属性 group=BatchParametricExport key=test value="5ab7THh8"
[2025-07-24 22:51:17] [INFO] 插件启动时读取 test 属性: 5ab7THh8
[2025-07-24 22:51:17] [INFO] 写入属性 group=BatchParametricExport key=test value="BDGsxTlJ"
[2025-07-24 22:51:17] [INFO] 插件启动时写入 test 属性: BDGsxTlJ
[2025-07-24 22:52:16] [INFO] 读取属性 group=BatchParametricExport key=test value="BDGsxTlJ"
[2025-07-24 22:52:16] [INFO] 写入属性 group=BatchParametricExport key=test value="2XE3uhC6"
[2025-07-24 22:52:20] [INFO] 读取属性 group=BatchParametricExport key=test value="2XE3uhC6"
[2025-07-24 22:52:20] [INFO] 写入属性 group=BatchParametricExport key=test value="y1bugW2a"
[2025-07-24 22:52:25] [INFO] 读取属性 group=BatchParametricExport key=test value="y1bugW2a"
[2025-07-24 22:52:25] [INFO] 写入属性 group=BatchParametricExport key=test value="xel25GIs"
[2025-07-24 22:52:28] [INFO] 写入属性 group=BatchParametricExport key=configs value="Wm0Xhcns"
[2025-07-24 22:52:30] [INFO] 读取属性失败 group=BatchParametricExport key=configs value=None
[2025-07-24 22:52:30] [INFO] 加载配置JSON：
null
[2025-07-24 22:52:30] [WARN] 项目中没有找到已保存的配置
[2025-07-24 22:53:20] [INFO] 读取属性 group=BatchParametricExport key=test value="xel25GIs"
[2025-07-24 22:53:20] [INFO] 写入属性 group=BatchParametricExport key=test value="0jzZxJ3Q"
[2025-07-24 22:53:31] [INFO] 写入属性 group=BatchParametricExport key=configs value="c2Z4F2pG"
[2025-07-24 22:53:33] [INFO] 读取属性失败 group=BatchParametricExport key=configs value=None
[2025-07-24 22:53:33] [WARN] 项目中没有找到已保存的配置
[2025-07-25 09:30:26] [INFO] 读取属性 group=BatchParametricExport key=test value="0jzZxJ3Q" [doc_name=三合一连接件开孔工具 v121, doc_id=None, doc_type=adsk::fusion::FusionDocument]
[2025-07-25 09:30:26] [INFO] 写入属性 group=BatchParametricExport key=test value="a2MaLrzx" [doc_name=三合一连接件开孔工具 v121, doc_id=None, doc_type=adsk::fusion::FusionDocument]
[2025-07-25 09:30:34] [INFO] 读取属性 group=BatchParametricExport key=test value="a2MaLrzx" [doc_name=三合一连接件开孔工具 v121, doc_id=None, doc_type=adsk::fusion::FusionDocument]
[2025-07-25 09:30:34] [INFO] 写入属性 group=BatchParametricExport key=test value="Ck1uQJNi" [doc_name=三合一连接件开孔工具 v121, doc_id=None, doc_type=adsk::fusion::FusionDocument]
[2025-07-25 09:30:44] [INFO] 写入属性 group=BatchParametricExport key=configs value="nK8MEtJf" [doc_name=三合一连接件开孔工具 v121, doc_id=None, doc_type=adsk::fusion::FusionDocument]
[2025-07-25 09:32:06] [INFO] 读取属性 group=BatchParametricExport key=test value="Ck1uQJNi" [doc_name=三合一连接件开孔工具 v121, doc_id=None, doc_type=adsk::fusion::FusionDocument]
[2025-07-25 09:32:06] [INFO] 写入属性 group=BatchParametricExport key=test value="YaA9zsy3" [doc_name=三合一连接件开孔工具 v121, doc_id=None, doc_type=adsk::fusion::FusionDocument]
[2025-07-25 09:32:16] [INFO] 写入属性 group=BatchParametricExport key=configs value="X3rzoPkV" [doc_name=三合一连接件开孔工具 v121, doc_id=None, doc_type=adsk::fusion::FusionDocument]
[2025-07-25 09:32:27] [INFO] 读取属性失败 group=BatchParametricExport key=configs value=None [doc_name=三合一连接件开孔工具 v121, doc_id=None, doc_type=adsk::fusion::FusionDocument]
[2025-07-25 09:32:27] [WARN] 项目中没有找到已保存的配置
[2025-07-25 09:33:31] [INFO] 读取属性 group=BatchParametricExport key=test value="YaA9zsy3" [doc_name=三合一连接件开孔工具 v121, doc_id=None, doc_type=adsk::fusion::FusionDocument]
[2025-07-25 09:33:31] [INFO] 读取时属性总数: 1, 所有属性: ['BatchParametricExport.test="YaA9zsy3"']
[2025-07-25 09:33:31] [INFO] 写入属性 group=BatchParametricExport key=test value="Ry4OEsXj" [doc_name=三合一连接件开孔工具 v121, doc_id=None, doc_type=adsk::fusion::FusionDocument]
[2025-07-25 09:33:31] [INFO] 写入前属性总数: 1, 所有属性: ['BatchParametricExport.test="YaA9zsy3"']
[2025-07-25 09:33:31] [INFO] 写入后属性检查: "Ry4OEsXj"
[2025-07-25 09:33:46] [INFO] 写入属性 group=BatchParametricExport key=configs value="H6fu7yGg" [doc_name=三合一连接件开孔工具 v121, doc_id=None, doc_type=adsk::fusion::FusionDocument]
[2025-07-25 09:33:46] [INFO] 写入前属性总数: 1, 所有属性: ['BatchParametricExport.test="Ry4OEsXj"']
[2025-07-25 09:33:46] [INFO] 写入后属性检查: "H6fu7yGg"
[2025-07-25 09:33:55] [INFO] 写入属性 group=BatchParametricExport key=configs value="0H9eyFfd" [doc_name=三合一连接件开孔工具 v121, doc_id=None, doc_type=adsk::fusion::FusionDocument]
[2025-07-25 09:33:55] [INFO] 写入前属性总数: 1, 所有属性: ['BatchParametricExport.test="Ry4OEsXj"']
[2025-07-25 09:33:55] [INFO] 写入后属性检查: "0H9eyFfd"
[2025-07-25 09:33:58] [INFO] 写入属性 group=BatchParametricExport key=configs value="EfxSP5yl" [doc_name=三合一连接件开孔工具 v121, doc_id=None, doc_type=adsk::fusion::FusionDocument]
[2025-07-25 09:33:58] [INFO] 写入前属性总数: 1, 所有属性: ['BatchParametricExport.test="Ry4OEsXj"']
[2025-07-25 09:33:58] [INFO] 写入后属性检查: "EfxSP5yl"
[2025-07-25 09:34:01] [INFO] 读取属性失败 group=BatchParametricExport key=configs value=None [doc_name=三合一连接件开孔工具 v121, doc_id=None, doc_type=adsk::fusion::FusionDocument]
[2025-07-25 09:34:01] [INFO] 读取时属性总数: 1, 所有属性: ['BatchParametricExport.test="Ry4OEsXj"']
[2025-07-25 09:34:01] [WARN] 项目中没有找到已保存的配置
[2025-07-25 09:34:11] [INFO] 写入属性 group=BatchParametricExport key=configs value="womUzXhN" [doc_name=三合一连接件开孔工具 v121, doc_id=None, doc_type=adsk::fusion::FusionDocument]
[2025-07-25 09:34:11] [INFO] 写入前属性总数: 1, 所有属性: ['BatchParametricExport.test="Ry4OEsXj"']
[2025-07-25 09:34:11] [INFO] 写入后属性检查: "womUzXhN"
[2025-07-25 09:34:14] [INFO] 写入属性 group=BatchParametricExport key=configs value="EIp124c0" [doc_name=三合一连接件开孔工具 v121, doc_id=None, doc_type=adsk::fusion::FusionDocument]
[2025-07-25 09:34:14] [INFO] 写入前属性总数: 1, 所有属性: ['BatchParametricExport.test="Ry4OEsXj"']
[2025-07-25 09:34:14] [INFO] 写入后属性检查: "EIp124c0"
[2025-07-25 09:34:15] [INFO] 写入属性 group=BatchParametricExport key=configs value="kPTYbUGN" [doc_name=三合一连接件开孔工具 v121, doc_id=None, doc_type=adsk::fusion::FusionDocument]
[2025-07-25 09:34:15] [INFO] 写入前属性总数: 1, 所有属性: ['BatchParametricExport.test="Ry4OEsXj"']
[2025-07-25 09:34:15] [INFO] 写入后属性检查: "kPTYbUGN"
[2025-07-25 09:34:15] [INFO] 写入属性 group=BatchParametricExport key=configs value="MV6944ky" [doc_name=三合一连接件开孔工具 v121, doc_id=None, doc_type=adsk::fusion::FusionDocument]
[2025-07-25 09:34:15] [INFO] 写入前属性总数: 1, 所有属性: ['BatchParametricExport.test="Ry4OEsXj"']
[2025-07-25 09:34:15] [INFO] 写入后属性检查: "MV6944ky"
[2025-07-25 09:34:16] [INFO] 写入属性 group=BatchParametricExport key=configs value="L2DspWHC" [doc_name=三合一连接件开孔工具 v121, doc_id=None, doc_type=adsk::fusion::FusionDocument]
[2025-07-25 09:34:16] [INFO] 写入前属性总数: 1, 所有属性: ['BatchParametricExport.test="Ry4OEsXj"']
[2025-07-25 09:34:16] [INFO] 写入后属性检查: "L2DspWHC"
[2025-07-25 09:35:35] [INFO] 读取属性 group=BatchParametricExport key=test value=jeHbrgN1 [doc_name=三合一连接件开孔工具 v121, doc_id=None, doc_type=adsk::fusion::FusionDocument]
[2025-07-25 09:35:35] [INFO] 读取时属性总数: 3, 所有属性: ['BatchParametricExport.test_key=6x9cqV67LhJA', 'TestGroup.TestKey=hello123', 'BatchParametricExport.test=jeHbrgN1']
[2025-07-25 09:35:35] [INFO] 写入属性 group=BatchParametricExport key=test value="l1ohFxsB" [doc_name=三合一连接件开孔工具 v121, doc_id=None, doc_type=adsk::fusion::FusionDocument]
[2025-07-25 09:35:35] [INFO] 写入前属性总数: 3, 所有属性: ['BatchParametricExport.test_key=6x9cqV67LhJA', 'TestGroup.TestKey=hello123', 'BatchParametricExport.test=jeHbrgN1']
[2025-07-25 09:35:35] [INFO] 写入后属性检查: "l1ohFxsB"
[2025-07-25 09:36:03] [INFO] 读取属性 group=BatchParametricExport key=test value="l1ohFxsB" [doc_name=三合一连接件开孔工具 v121, doc_id=None, doc_type=adsk::fusion::FusionDocument]
[2025-07-25 09:36:03] [INFO] 读取时属性总数: 3, 所有属性: ['BatchParametricExport.test_key=6x9cqV67LhJA', 'TestGroup.TestKey=hello123', 'BatchParametricExport.test="l1ohFxsB"']
[2025-07-25 09:36:03] [INFO] 写入属性 group=BatchParametricExport key=test value="GYWJhCdp" [doc_name=三合一连接件开孔工具 v121, doc_id=None, doc_type=adsk::fusion::FusionDocument]
[2025-07-25 09:36:03] [INFO] 写入前属性总数: 3, 所有属性: ['BatchParametricExport.test_key=6x9cqV67LhJA', 'TestGroup.TestKey=hello123', 'BatchParametricExport.test="l1ohFxsB"']
[2025-07-25 09:36:03] [INFO] 写入后属性检查: "GYWJhCdp"
[2025-07-25 09:36:22] [INFO] 写入属性 group=BatchParametricExport key=configs value="TXQOehMA" [doc_name=三合一连接件开孔工具 v121, doc_id=None, doc_type=adsk::fusion::FusionDocument]
[2025-07-25 09:36:22] [INFO] 写入前属性总数: 3, 所有属性: ['BatchParametricExport.test_key=6x9cqV67LhJA', 'TestGroup.TestKey=hello123', 'BatchParametricExport.test="GYWJhCdp"']
[2025-07-25 09:36:22] [INFO] 写入后属性检查: "TXQOehMA"
[2025-07-25 09:36:31] [INFO] 写入属性 group=BatchParametricExport key=configs value="SYxT7QNJ" [doc_name=三合一连接件开孔工具 v121, doc_id=None, doc_type=adsk::fusion::FusionDocument]
[2025-07-25 09:36:31] [INFO] 写入前属性总数: 3, 所有属性: ['BatchParametricExport.test_key=6x9cqV67LhJA', 'TestGroup.TestKey=hello123', 'BatchParametricExport.test="GYWJhCdp"']
[2025-07-25 09:36:31] [INFO] 写入后属性检查: "SYxT7QNJ"
[2025-07-25 09:36:34] [INFO] 写入属性 group=BatchParametricExport key=configs value="ZvRNyQcb" [doc_name=三合一连接件开孔工具 v121, doc_id=None, doc_type=adsk::fusion::FusionDocument]
[2025-07-25 09:36:34] [INFO] 写入前属性总数: 3, 所有属性: ['BatchParametricExport.test_key=6x9cqV67LhJA', 'TestGroup.TestKey=hello123', 'BatchParametricExport.test="GYWJhCdp"']
[2025-07-25 09:36:34] [INFO] 写入后属性检查: "ZvRNyQcb"
[2025-07-25 09:36:35] [INFO] 写入属性 group=BatchParametricExport key=configs value="9tdMz7v3" [doc_name=三合一连接件开孔工具 v121, doc_id=None, doc_type=adsk::fusion::FusionDocument]
[2025-07-25 09:36:35] [INFO] 写入前属性总数: 3, 所有属性: ['BatchParametricExport.test_key=6x9cqV67LhJA', 'TestGroup.TestKey=hello123', 'BatchParametricExport.test="GYWJhCdp"']
[2025-07-25 09:36:35] [INFO] 写入后属性检查: "9tdMz7v3"
[2025-07-25 09:36:36] [INFO] 写入属性 group=BatchParametricExport key=configs value="5BStVqGK" [doc_name=三合一连接件开孔工具 v121, doc_id=None, doc_type=adsk::fusion::FusionDocument]
[2025-07-25 09:36:36] [INFO] 写入前属性总数: 3, 所有属性: ['BatchParametricExport.test_key=6x9cqV67LhJA', 'TestGroup.TestKey=hello123', 'BatchParametricExport.test="GYWJhCdp"']
[2025-07-25 09:36:36] [INFO] 写入后属性检查: "5BStVqGK"
[2025-07-25 09:38:40] [INFO] 读取属性 group=BatchParametricExport key=test value="GYWJhCdp" [doc_name=三合一连接件开孔工具 v121, doc_id=None, doc_type=adsk::fusion::FusionDocument]
[2025-07-25 09:38:40] [INFO] 读取时属性总数: 3, 所有属性: ['BatchParametricExport.test_key=6x9cqV67LhJA', 'TestGroup.TestKey=hello123', 'BatchParametricExport.test="GYWJhCdp"']
[2025-07-25 09:38:40] [INFO] 写入属性 group=BatchParametricExport key=test value="kBFRVZRD" [doc_name=三合一连接件开孔工具 v121, doc_id=None, doc_type=adsk::fusion::FusionDocument]
[2025-07-25 09:38:40] [INFO] 写入前属性总数: 3, 所有属性: ['BatchParametricExport.test_key=6x9cqV67LhJA', 'TestGroup.TestKey=hello123', 'BatchParametricExport.test="GYWJhCdp"']
[2025-07-25 09:38:40] [INFO] 写入后属性检查: "kBFRVZRD"
[2025-07-25 09:38:51] [INFO] 读取属性 group=BatchParametricExport key=test value="kBFRVZRD" [doc_name=三合一连接件开孔工具 v121, doc_id=None, doc_type=adsk::fusion::FusionDocument]
[2025-07-25 09:38:51] [INFO] 读取时属性总数: 3, 所有属性: ['BatchParametricExport.test_key=6x9cqV67LhJA', 'TestGroup.TestKey=hello123', 'BatchParametricExport.test="kBFRVZRD"']
[2025-07-25 09:38:51] [INFO] 写入属性 group=BatchParametricExport key=test value="AaMxdnw0" [doc_name=三合一连接件开孔工具 v121, doc_id=None, doc_type=adsk::fusion::FusionDocument]
[2025-07-25 09:38:51] [INFO] 写入前属性总数: 3, 所有属性: ['BatchParametricExport.test_key=6x9cqV67LhJA', 'TestGroup.TestKey=hello123', 'BatchParametricExport.test="kBFRVZRD"']
[2025-07-25 09:38:51] [INFO] 写入后属性检查: "AaMxdnw0"
[2025-07-25 09:39:04] [INFO] 写入属性 group=BatchParametricExport key=configs value="kCfx9pxn" [doc_name=三合一连接件开孔工具 v121, doc_id=None, doc_type=adsk::fusion::FusionDocument]
[2025-07-25 09:39:04] [INFO] 写入前属性总数: 1, 所有属性: ['BatchParametricExport.test="Ry4OEsXj"']
[2025-07-25 09:39:04] [INFO] 写入后属性检查: "kCfx9pxn"
[2025-07-25 09:39:19] [INFO] 写入属性 group=BatchParametricExport key=configs value="xiKElnFY" [doc_name=三合一连接件开孔工具 v121, doc_id=None, doc_type=adsk::fusion::FusionDocument]
[2025-07-25 09:39:19] [INFO] 写入前属性总数: 1, 所有属性: ['BatchParametricExport.test="Ry4OEsXj"']
[2025-07-25 09:39:19] [INFO] 写入后属性检查: "xiKElnFY"
[2025-07-25 09:39:23] [INFO] 写入属性 group=BatchParametricExport key=configs value="BKFqPC58" [doc_name=三合一连接件开孔工具 v121, doc_id=None, doc_type=adsk::fusion::FusionDocument]
[2025-07-25 09:39:23] [INFO] 写入前属性总数: 1, 所有属性: ['BatchParametricExport.test="Ry4OEsXj"']
[2025-07-25 09:39:23] [INFO] 写入后属性检查: "BKFqPC58"
[2025-07-25 09:42:05] [INFO] 读取属性失败 group=BatchParametricExport key=testtest value=None [doc_name=三合一连接件开孔工具 v121, doc_id=None, doc_type=adsk::fusion::FusionDocument]
[2025-07-25 09:42:05] [INFO] 读取时属性总数: 1, 所有属性: ['BatchParametricExport.test="Ry4OEsXj"']
[2025-07-25 09:42:05] [INFO] 写入属性 group=BatchParametricExport key=testtest value="o3vOyMXg" [doc_name=三合一连接件开孔工具 v121, doc_id=None, doc_type=adsk::fusion::FusionDocument]
[2025-07-25 09:42:05] [INFO] 写入前属性总数: 1, 所有属性: ['BatchParametricExport.test="Ry4OEsXj"']
[2025-07-25 09:42:05] [INFO] 写入后属性检查: "o3vOyMXg"
[2025-07-25 09:42:11] [INFO] 写入属性 group=BatchParametricExport key=testtest value="yrX4mu4x" [doc_name=三合一连接件开孔工具 v121, doc_id=None, doc_type=adsk::fusion::FusionDocument]
[2025-07-25 09:42:11] [INFO] 写入前属性总数: 2, 所有属性: ['BatchParametricExport.test="Ry4OEsXj"', 'BatchParametricExport.testtest="o3vOyMXg"']
[2025-07-25 09:42:11] [INFO] 写入后属性检查: "yrX4mu4x"
[2025-07-25 09:42:17] [INFO] 写入属性 group=BatchParametricExport key=testtest value="KL8Xjwjm" [doc_name=三合一连接件开孔工具 v121, doc_id=None, doc_type=adsk::fusion::FusionDocument]
[2025-07-25 09:42:17] [INFO] 写入前属性总数: 2, 所有属性: ['BatchParametricExport.test="Ry4OEsXj"', 'BatchParametricExport.testtest="o3vOyMXg"']
[2025-07-25 09:42:17] [INFO] 写入后属性检查: "KL8Xjwjm"
[2025-07-25 09:42:20] [INFO] 写入属性 group=BatchParametricExport key=testtest value="EDmOjk7j" [doc_name=三合一连接件开孔工具 v121, doc_id=None, doc_type=adsk::fusion::FusionDocument]
[2025-07-25 09:42:20] [INFO] 写入前属性总数: 2, 所有属性: ['BatchParametricExport.test="Ry4OEsXj"', 'BatchParametricExport.testtest="o3vOyMXg"']
[2025-07-25 09:42:20] [INFO] 写入后属性检查: "EDmOjk7j"
[2025-07-25 09:42:25] [INFO] 写入属性 group=BatchParametricExport key=testtest value="q11FkxiC" [doc_name=三合一连接件开孔工具 v121, doc_id=None, doc_type=adsk::fusion::FusionDocument]
[2025-07-25 09:42:25] [INFO] 写入前属性总数: 2, 所有属性: ['BatchParametricExport.test="Ry4OEsXj"', 'BatchParametricExport.testtest="o3vOyMXg"']
[2025-07-25 09:42:25] [INFO] 写入后属性检查: "q11FkxiC"
[2025-07-25 09:42:33] [INFO] 写入属性 group=BatchParametricExport key=testtest value="QYreP09E" [doc_name=三合一连接件开孔工具 v121, doc_id=None, doc_type=adsk::fusion::FusionDocument]
[2025-07-25 09:42:33] [INFO] 写入前属性总数: 2, 所有属性: ['BatchParametricExport.test="Ry4OEsXj"', 'BatchParametricExport.testtest="o3vOyMXg"']
[2025-07-25 09:42:33] [INFO] 写入后属性检查: "QYreP09E"
[2025-07-25 09:43:39] [INFO] 写入属性 group=BatchParametricExport key=testtest value="fLNhGoiD" [doc_name=三合一连接件开孔工具 v121, doc_id=None, doc_type=adsk::fusion::FusionDocument]
[2025-07-25 09:43:39] [INFO] 写入前属性总数: 2, 所有属性: ['BatchParametricExport.test="Ry4OEsXj"', 'BatchParametricExport.testtest="o3vOyMXg"']
[2025-07-25 09:43:39] [INFO] 写入后属性检查: "fLNhGoiD"
[2025-07-25 09:43:50] [INFO] 写入属性 group=BatchParametricExport key=testtest value="gTAS7ztr" [doc_name=三合一连接件开孔工具 v121, doc_id=None, doc_type=adsk::fusion::FusionDocument]
[2025-07-25 09:43:50] [INFO] 写入前属性总数: 2, 所有属性: ['BatchParametricExport.test="Ry4OEsXj"', 'BatchParametricExport.testtest="o3vOyMXg"']
[2025-07-25 09:43:50] [INFO] 写入后属性检查: "gTAS7ztr"
[2025-07-25 09:44:06] [INFO] 写入属性 group=BatchParametricExport key=testtest value="3ugOXuFP" [doc_name=三合一连接件开孔工具 v122, doc_id=None, doc_type=adsk::fusion::FusionDocument]
[2025-07-25 09:44:06] [INFO] 写入前属性总数: 2, 所有属性: ['BatchParametricExport.test="Ry4OEsXj"', 'BatchParametricExport.testtest="o3vOyMXg"']
[2025-07-25 09:44:06] [INFO] 写入后属性检查: "3ugOXuFP"
[2025-07-25 09:44:18] [INFO] 读取属性 group=BatchParametricExport key=testtest value="o3vOyMXg" [doc_name=三合一连接件开孔工具 v122, doc_id=None, doc_type=adsk::fusion::FusionDocument]
[2025-07-25 09:44:18] [INFO] 读取时属性总数: 2, 所有属性: ['BatchParametricExport.test="Ry4OEsXj"', 'BatchParametricExport.testtest="o3vOyMXg"']
[2025-07-25 09:44:18] [INFO] 写入属性 group=BatchParametricExport key=testtest value="6kFWYBIV" [doc_name=三合一连接件开孔工具 v122, doc_id=None, doc_type=adsk::fusion::FusionDocument]
[2025-07-25 09:44:18] [INFO] 写入前属性总数: 2, 所有属性: ['BatchParametricExport.test="Ry4OEsXj"', 'BatchParametricExport.testtest="o3vOyMXg"']
[2025-07-25 09:44:18] [INFO] 写入后属性检查: "6kFWYBIV"
[2025-07-25 09:44:32] [INFO] 写入属性 group=BatchParametricExport key=testtest value="5yf8Fjys" [doc_name=三合一连接件开孔工具 v122, doc_id=None, doc_type=adsk::fusion::FusionDocument]
[2025-07-25 09:44:32] [INFO] 写入前属性总数: 2, 所有属性: ['BatchParametricExport.test="Ry4OEsXj"', 'BatchParametricExport.testtest="6kFWYBIV"']
[2025-07-25 09:44:32] [INFO] 写入后属性检查: "5yf8Fjys"
[2025-07-25 09:44:55] [INFO] 写入属性 group=BatchParametricExport key=testtest value="OTzTtMtz" [doc_name=三合一连接件开孔工具 v122, doc_id=None, doc_type=adsk::fusion::FusionDocument]
[2025-07-25 09:44:55] [INFO] 写入前属性总数: 2, 所有属性: ['BatchParametricExport.test="Ry4OEsXj"', 'BatchParametricExport.testtest="6kFWYBIV"']
[2025-07-25 09:44:55] [INFO] 写入后属性检查: "OTzTtMtz"
[2025-07-25 09:45:04] [INFO] 读取属性 group=BatchParametricExport key=testtest value="6kFWYBIV" [doc_name=三合一连接件开孔工具 v122, doc_id=None, doc_type=adsk::fusion::FusionDocument]
[2025-07-25 09:45:04] [INFO] 读取时属性总数: 2, 所有属性: ['BatchParametricExport.test="Ry4OEsXj"', 'BatchParametricExport.testtest="6kFWYBIV"']
[2025-07-25 09:45:04] [INFO] 写入属性 group=BatchParametricExport key=testtest value="M1Q04M6Q" [doc_name=三合一连接件开孔工具 v122, doc_id=None, doc_type=adsk::fusion::FusionDocument]
[2025-07-25 09:45:04] [INFO] 写入前属性总数: 2, 所有属性: ['BatchParametricExport.test="Ry4OEsXj"', 'BatchParametricExport.testtest="6kFWYBIV"']
[2025-07-25 09:45:04] [INFO] 写入后属性检查: "M1Q04M6Q"
[2025-07-25 09:45:19] [INFO] 读取属性 group=BatchParametricExport key=testtest value="M1Q04M6Q" [doc_name=三合一连接件开孔工具 v122, doc_id=None, doc_type=adsk::fusion::FusionDocument]
[2025-07-25 09:45:19] [INFO] 读取时属性总数: 2, 所有属性: ['BatchParametricExport.test="Ry4OEsXj"', 'BatchParametricExport.testtest="M1Q04M6Q"']
[2025-07-25 09:45:19] [INFO] 写入属性 group=BatchParametricExport key=testtest value="VGdArl0p" [doc_name=三合一连接件开孔工具 v122, doc_id=None, doc_type=adsk::fusion::FusionDocument]
[2025-07-25 09:45:19] [INFO] 写入前属性总数: 2, 所有属性: ['BatchParametricExport.test="Ry4OEsXj"', 'BatchParametricExport.testtest="M1Q04M6Q"']
[2025-07-25 09:45:19] [INFO] 写入后属性检查: "VGdArl0p"
[2025-07-25 09:45:30] [INFO] 写入属性 group=BatchParametricExport key=testtest value="jH9YFbh1" [doc_name=三合一连接件开孔工具 v122, doc_id=None, doc_type=adsk::fusion::FusionDocument]
[2025-07-25 09:45:30] [INFO] 写入前属性总数: 2, 所有属性: ['BatchParametricExport.test="Ry4OEsXj"', 'BatchParametricExport.testtest="VGdArl0p"']
[2025-07-25 09:45:30] [INFO] 写入后属性检查: "jH9YFbh1"
[2025-07-25 09:45:40] [INFO] 读取属性 group=BatchParametricExport key=testtest value="VGdArl0p" [doc_name=三合一连接件开孔工具 v122, doc_id=None, doc_type=adsk::fusion::FusionDocument]
[2025-07-25 09:45:40] [INFO] 读取时属性总数: 2, 所有属性: ['BatchParametricExport.test="Ry4OEsXj"', 'BatchParametricExport.testtest="VGdArl0p"']
[2025-07-25 09:45:40] [INFO] 写入属性 group=BatchParametricExport key=testtest value="QioR3doN" [doc_name=三合一连接件开孔工具 v122, doc_id=None, doc_type=adsk::fusion::FusionDocument]
[2025-07-25 09:45:40] [INFO] 写入前属性总数: 2, 所有属性: ['BatchParametricExport.test="Ry4OEsXj"', 'BatchParametricExport.testtest="VGdArl0p"']
[2025-07-25 09:45:40] [INFO] 写入后属性检查: "QioR3doN"
[2025-07-25 09:47:14] [INFO] 读取属性 group=BatchParametricExport key=testtest value="QioR3doN" [doc_name=三合一连接件开孔工具 v123, doc_id=None, doc_type=adsk::fusion::FusionDocument]
[2025-07-25 09:47:14] [INFO] 读取时属性总数: 2, 所有属性: ['BatchParametricExport.test="Ry4OEsXj"', 'BatchParametricExport.testtest="QioR3doN"']
[2025-07-25 09:47:14] [INFO] 写入属性 group=BatchParametricExport key=testtest value="KldG3W8j" [doc_name=三合一连接件开孔工具 v123, doc_id=None, doc_type=adsk::fusion::FusionDocument]
[2025-07-25 09:47:14] [INFO] 写入前属性总数: 2, 所有属性: ['BatchParametricExport.test="Ry4OEsXj"', 'BatchParametricExport.testtest="QioR3doN"']
[2025-07-25 09:47:14] [INFO] 写入后属性检查: "KldG3W8j"
[2025-07-25 09:47:15] [INFO] 已尝试保存文档以同步属性
[2025-07-25 09:47:46] [INFO] 读取属性 group=BatchParametricExport key=testtest value="KldG3W8j" [doc_name=三合一连接件开孔工具 v124, doc_id=None, doc_type=adsk::fusion::FusionDocument]
[2025-07-25 09:47:46] [INFO] 读取时属性总数: 2, 所有属性: ['BatchParametricExport.test="Ry4OEsXj"', 'BatchParametricExport.testtest="KldG3W8j"']
[2025-07-25 09:47:46] [INFO] 写入属性 group=BatchParametricExport key=testtest value="6QWfQ3DK" [doc_name=三合一连接件开孔工具 v124, doc_id=None, doc_type=adsk::fusion::FusionDocument]
[2025-07-25 09:47:46] [INFO] 写入前属性总数: 2, 所有属性: ['BatchParametricExport.test="Ry4OEsXj"', 'BatchParametricExport.testtest="KldG3W8j"']
[2025-07-25 09:47:46] [INFO] 写入后属性检查: "6QWfQ3DK"
[2025-07-25 09:47:47] [INFO] 已尝试保存文档以同步属性
[2025-07-25 09:48:00] [INFO] 写入属性 group=BatchParametricExport key=testtest value="SW7jezQt" [doc_name=三合一连接件开孔工具 v125, doc_id=None, doc_type=adsk::fusion::FusionDocument]
[2025-07-25 09:48:00] [INFO] 写入前属性总数: 2, 所有属性: ['BatchParametricExport.test="Ry4OEsXj"', 'BatchParametricExport.testtest="6QWfQ3DK"']
[2025-07-25 09:48:00] [INFO] 写入后属性检查: "SW7jezQt"
[2025-07-25 09:48:01] [INFO] 已尝试保存文档以同步属性
[2025-07-25 09:48:06] [INFO] 写入属性 group=BatchParametricExport key=testtest value="k4ap4k0y" [doc_name=三合一连接件开孔工具 v126, doc_id=None, doc_type=adsk::fusion::FusionDocument]
[2025-07-25 09:48:06] [INFO] 写入前属性总数: 2, 所有属性: ['BatchParametricExport.test="Ry4OEsXj"', 'BatchParametricExport.testtest="6QWfQ3DK"']
[2025-07-25 09:48:06] [INFO] 写入后属性检查: "k4ap4k0y"
[2025-07-25 09:48:07] [INFO] 已尝试保存文档以同步属性
[2025-07-25 09:48:16] [INFO] 写入属性 group=BatchParametricExport key=testtest value="kxgArv27" [doc_name=三合一连接件开孔工具 v127, doc_id=None, doc_type=adsk::fusion::FusionDocument]
[2025-07-25 09:48:16] [INFO] 写入前属性总数: 2, 所有属性: ['BatchParametricExport.test="Ry4OEsXj"', 'BatchParametricExport.testtest="6QWfQ3DK"']
[2025-07-25 09:48:16] [INFO] 写入后属性检查: "kxgArv27"
[2025-07-25 09:48:16] [INFO] 已尝试保存文档以同步属性
[2025-07-25 10:28:37] [INFO] 读取属性 group=BatchParametricExport key=test value="Ry4OEsXj"
[2025-07-25 10:28:37] [INFO] 写入属性 group=BatchParametricExport key=test value="yTXZZ129"
[2025-07-25 10:28:58] [ERROR] 处理输入变化时发生错误:
Traceback (most recent call last):
  File "D:\workspace/Fusion360BatchParametricExport\CommandInputChangedHandler.py", line 62, in notify
    dialogResult = fileDialog.showDialog()
                   ^^^^^^^^^^^^^^^^^^^^^
AttributeError: 'FileDialog' object has no attribute 'showDialog'

[2025-07-25 10:58:39] [INFO] 读取属性 group=BatchParametricExport key=test value="yTXZZ129"
[2025-07-25 10:58:39] [INFO] 写入属性 group=BatchParametricExport key=test value="KxXNkHZm"
[2025-07-25 10:58:39] [INFO] 读取属性 group=BatchParametricExport key=test value="KxXNkHZm"
[2025-07-25 10:58:39] [INFO] 写入属性 group=BatchParametricExport key=test value="qguSq9O9"
[2025-07-25 10:58:47] [ERROR] 处理输入变化时发生错误:
Traceback (most recent call last):
  File "D:\workspace/Fusion360BatchParametricExport\CommandInputChangedHandler.py", line 62, in notify
    dialogResult = fileDialog.show()
                   ^^^^^^^^^^^^^^^
AttributeError: 'FileDialog' object has no attribute 'show'

[2025-07-25 11:00:12] [INFO] 读取属性 group=BatchParametricExport key=test value="qguSq9O9"
[2025-07-25 11:00:12] [INFO] 写入属性 group=BatchParametricExport key=test value="wL6uryDA"
[2025-07-25 11:01:13] [ERROR] 导出Excel模板时发生错误: module '__main__D%3A%2Fworkspace%2FFusion360BatchParametricExport%2FBatchParametricExport_py.AttributeUtils' has no attribute 'create_excel_template'
[2025-07-25 11:02:17] [INFO] 读取属性 group=BatchParametricExport key=test value="wL6uryDA"
[2025-07-25 11:02:17] [INFO] 写入属性 group=BatchParametricExport key=test value="wJ8FkaEF"
[2025-07-25 11:02:30] [ERROR] 导出Excel模板时发生错误: module '__main__D%3A%2Fworkspace%2FFusion360BatchParametricExport%2FBatchParametricExport_py.AttributeUtils' has no attribute 'create_excel_template'
[2025-07-25 11:03:47] [INFO] 读取属性 group=BatchParametricExport key=test value="wJ8FkaEF"
[2025-07-25 11:03:47] [INFO] 写入属性 group=BatchParametricExport key=test value="vut5lJYo"
[2025-07-25 11:04:01] [ERROR] 创建Excel模板失败: No module named 'openpyxl'
[2025-07-25 11:04:48] [INFO] 读取属性 group=BatchParametricExport key=test value="vut5lJYo"
[2025-07-25 11:04:48] [INFO] 写入属性 group=BatchParametricExport key=test value="tutdJFqK"
[2025-07-25 11:05:04] [ERROR] 创建Excel模板失败: No module named 'openpyxl'
[2025-07-25 11:05:55] [INFO] 读取属性 group=BatchParametricExport key=test value="tutdJFqK"
[2025-07-25 11:05:55] [INFO] 写入属性 group=BatchParametricExport key=test value="oRzQacbw"
[2025-07-25 11:05:55] [INFO] 读取属性 group=BatchParametricExport key=test value="oRzQacbw"
[2025-07-25 11:05:55] [INFO] 写入属性 group=BatchParametricExport key=test value="vjzntieJ"
[2025-07-25 11:06:08] [INFO] Excel模板已创建: C:/Users/firoyang/Downloads/123.xlsx
[2025-07-25 11:10:33] [INFO] 读取属性 group=BatchParametricExport key=test value="vjzntieJ"
[2025-07-25 11:10:33] [INFO] 写入属性 group=BatchParametricExport key=test value="ofL3B4F2"
[2025-07-25 11:11:32] [ERROR] 创建Excel模板失败: [Errno 13] Permission denied: 'C:/Users/firoyang/Downloads/123.xlsx'
[2025-07-25 11:11:43] [INFO] Excel模板已创建: C:/Users/firoyang/Downloads/123.xlsx
[2025-07-25 11:17:59] [INFO] Excel模板已创建: C:/Users/firoyang/Downloads/123.xlsx
[2025-07-25 11:18:16] [ERROR] 创建Excel模板失败: [Errno 13] Permission denied: 'C:/Users/firoyang/Downloads/123.xlsx'
[2025-07-25 11:18:19] [INFO] Excel模板已创建: C:/Users/firoyang/Downloads/123.xlsx
[2025-07-25 14:29:40] [INFO] 读取属性 group=BatchParametricExport key=test value="ofL3B4F2"
[2025-07-25 14:29:40] [INFO] 写入属性 group=BatchParametricExport key=test value="vGs6REg2"
[2025-07-25 14:29:40] [INFO] 读取属性 group=BatchParametricExport key=test value="vGs6REg2"
[2025-07-25 14:29:40] [INFO] 写入属性 group=BatchParametricExport key=test value="nwyCAQRC"
[2025-07-25 14:30:04] [INFO] Excel模板已存在且无缺失列: C:/Users/firoyang/Downloads/123.xlsx
[2025-07-25 14:30:40] [INFO] Excel模板已存在且无缺失列: C:/Users/firoyang/Downloads/123.xlsx
[2025-07-25 14:30:59] [INFO] Excel模板已补全缺失列: C:/Users/firoyang/Downloads/123.xlsx
[2025-07-25 14:31:58] [INFO] Excel模板已存在且无缺失列: C:/Users/firoyang/Downloads/123.xlsx
[2025-07-25 15:45:54] [INFO] Excel模板已存在且无缺失列: C:/Users/firoyang/Downloads/123.xlsx
[2025-07-25 16:10:21] [INFO] Excel模板已存在且无缺失列: C:/Users/firoyang/Downloads/123.xlsx
[2025-07-25 16:18:03] [ERROR] 从Excel文件收集配置时发生错误: name 'AttributeUtils' is not defined
[2025-07-25 16:31:36] [INFO] Excel模板已存在且无缺失列: C:/Users/firoyang/Downloads/123.xlsx
[2025-07-25 16:31:38] [ERROR] 从Excel文件收集配置时发生错误: name 'AttributeUtils' is not defined
[2025-07-25 16:31:54] [ERROR] 从Excel文件收集配置时发生错误: name 'AttributeUtils' is not defined
[2025-07-25 16:32:04] [ERROR] 从Excel文件收集配置时发生错误: name 'AttributeUtils' is not defined
[2025-07-25 16:34:00] [ERROR] 从Excel文件收集配置时发生错误: module '__main__D%3A%2Fworkspace%2FFusion360BatchParametricExport%2FBatchParametricExport_py.ExportUtils' has no attribute 'read_configs_from_excel'
[2025-07-25 16:35:26] [ERROR] 从Excel文件收集配置时发生错误: module '__main__D%3A%2Fworkspace%2FFusion360BatchParametricExport%2FBatchParametricExport_py.ConfigUtils' has no attribute 'read_configs_from_excel'
[2025-07-25 16:36:06] [ERROR] 从Excel文件收集配置时发生错误: module '__main__D%3A%2Fworkspace%2FFusion360BatchParametricExport%2FBatchParametricExport_py.ConfigUtils' has no attribute 'read_configs_from_excel'
[2025-07-25 16:38:20] [ERROR] 从Excel文件收集配置时发生错误: module '__main__D%3A%2Fworkspace%2FFusion360BatchParametricExport%2FBatchParametricExport_py.ConfigUtils' has no attribute 'read_configs_from_excel'
[2025-07-25 16:52:42] [INFO] Excel模板已存在且无缺失列: C:/Users/firoyang/Downloads/123.xlsx
[2025-07-25 16:52:47] [INFO] Excel模板已创建: C:/Users/firoyang/Downloads/1234.xlsx
[2025-07-25 16:53:07] [INFO] 从Excel文件读取了 2 个配置: C:/Users/firoyang/Downloads/123.xlsx
[2025-07-25 16:53:07] [INFO] 从Excel文件读取了 2 个有效配置
[2025-07-25 16:53:27] [INFO] 批量导出完成！

总配置数: 2
成功导出: 2
导出路径: C:/Users/firoyang/Downloads

请检查导出目录中的文件。
